  常量.c
D:\Code\常量\常量\常量.c(19,1): error C2449: 在文件范围内找到“{”(是否缺少函数头?)
D:\Code\常量\常量\常量.c(24,1): error C2059: 语法错误:“}”
